Command line: /data/home/softwares/SPAdes-3.13.1-Linux/bin/spades.py	-1	/bigdata/FinalProject_data/190724_SARA_Genomes/SARA_2_S25_L004_R1_001.fastq.gz	-2	/bigdata/FinalProject_data/190724_SARA_Genomes/SARA_2_S25_L004_R2_001.fastq.gz	-t	1	-m	16	-o	/home/5495820/GroupProj	

System information:
  SPAdes version: 3.13.1
  Python version: 2.7.16
  OS: Linux-4.14.146-119.123.amzn2.x86_64-x86_64-with-glibc2.2.5

Output dir: /home/5495820/GroupProj
Mode: read error correction and assembling
Debug mode is turned OFF

Dataset parameters:
  Multi-cell mode (you should set '--sc' flag if input data was obtained with MDA (single-cell) technology or --meta flag if processing metagenomic dataset)
  Reads:
    Library number: 1, library type: paired-end
      orientation: fr
      left reads: ['/bigdata/FinalProject_data/190724_SARA_Genomes/SARA_2_S25_L004_R1_001.fastq.gz']
      right reads: ['/bigdata/FinalProject_data/190724_SARA_Genomes/SARA_2_S25_L004_R2_001.fastq.gz']
      interlaced reads: not specified
      single reads: not specified
      merged reads: not specified
Read error correction parameters:
  Iterations: 1
  PHRED offset will be auto-detected
  Corrected reads will be compressed
Assembly parameters:
  k: automatic selection based on read length
  Repeat resolution is enabled
  Mismatch careful mode is turned OFF
  MismatchCorrector will be SKIPPED
  Coverage cutoff is turned OFF
Other parameters:
  Dir for temp files: /home/5495820/GroupProj/tmp
  Threads: 1
  Memory limit (in Gb): 16


======= SPAdes pipeline started. Log can be found here: /home/5495820/GroupProj/spades.log


===== Read error correction started. 


== Running read error correction tool: /data/home/softwares/SPAdes-3.13.1-Linux/bin/spades-hammer /home/5495820/GroupProj/corrected/configs/config.info

  0:00:00.000     4M / 4M    INFO    General                 (main.cpp                  :  75)   Starting BayesHammer, built from refs/heads/spades_3.13.1, git revision 9a9d54db2ff9abaac718155bf74c12ec9464e8ca
  0:00:00.000     4M / 4M    INFO    General                 (main.cpp                  :  76)   Loading config from /home/5495820/GroupProj/corrected/configs/config.info
  0:00:00.000     4M / 4M    INFO    General                 (main.cpp                  :  78)   Maximum # of threads to use (adjusted due to OMP capabilities): 1
  0:00:00.000     4M / 4M    INFO    General                 (memory_limit.cpp          :  49)   Memory limit set to 16 Gb
  0:00:00.000     4M / 4M    INFO    General                 (main.cpp                  :  86)   Trying to determine PHRED offset
  0:00:00.001     4M / 4M    INFO    General                 (main.cpp                  :  92)   Determined value is 33
  0:00:00.001     4M / 4M    INFO    General                 (hammer_tools.cpp          :  36)   Hamming graph threshold tau=1, k=21, subkmer positions = [ 0 10 ]
  0:00:00.001     4M / 4M    INFO    General                 (main.cpp                  : 113)   Size of aux. kmer data 24 bytes
     === ITERATION 0 begins ===
  0:00:00.001     4M / 4M    INFO   K-mer Index Building     (kmer_index_builder.hpp    : 301)   Building kmer index
  0:00:00.001     4M / 4M    INFO    General                 (kmer_index_builder.hpp    : 117)   Splitting kmer instances into 16 files using 1 threads. This might take a while.
  0:00:00.001     4M / 4M    INFO    General                 (file_limit.hpp            :  32)   Open file limit set to 1024
  0:00:00.001     4M / 4M    INFO    General                 (kmer_splitters.hpp        :  89)   Memory available for splitting buffers: 5.33203 Gb
  0:00:00.001     4M / 4M    INFO    General                 (kmer_splitters.hpp        :  97)   Using cell size of 4194304
  0:00:00.001   580M / 616M  INFO   K-mer Splitting          (kmer_data.cpp             :  97)   Processing /bigdata/FinalProject_data/190724_SARA_Genomes/SARA_2_S25_L004_R1_001.fastq.gz
  0:00:14.182   580M / 616M  INFO   K-mer Splitting          (kmer_data.cpp             : 107)   Processed 413986 reads
  0:00:28.097   580M / 616M  INFO   K-mer Splitting          (kmer_data.cpp             : 107)   Processed 828043 reads
  0:00:42.020   580M / 616M  INFO   K-mer Splitting          (kmer_data.cpp             : 107)   Processed 1242681 reads
  0:00:55.955   580M / 616M  INFO   K-mer Splitting          (kmer_data.cpp             : 107)   Processed 1657180 reads
  0:01:09.874   580M / 616M  INFO   K-mer Splitting          (kmer_data.cpp             : 107)   Processed 2071403 reads
  0:01:23.787   580M / 616M  INFO   K-mer Splitting          (kmer_data.cpp             : 107)   Processed 2485494 reads
  0:01:37.698   580M / 616M  INFO   K-mer Splitting          (kmer_data.cpp             : 107)   Processed 2899298 reads
  0:02:33.456   580M / 616M  INFO   K-mer Splitting          (kmer_data.cpp             : 107)   Processed 4555323 reads
  0:04:52.937   580M / 616M  INFO   K-mer Splitting          (kmer_data.cpp             : 107)   Processed 8701111 reads
  0:09:00.632   580M / 616M  INFO   K-mer Splitting          (kmer_data.cpp             :  97)   Processing /bigdata/FinalProject_data/190724_SARA_Genomes/SARA_2_S25_L004_R2_001.fastq.gz
  0:09:28.867   580M / 616M  INFO   K-mer Splitting          (kmer_data.cpp             : 107)   Processed 16861098 reads
  0:18:12.139   580M / 616M  INFO   K-mer Splitting          (kmer_data.cpp             : 112)   Total 32064582 reads processed
  0:18:12.170     4M / 616M  INFO    General                 (kmer_index_builder.hpp    : 120)   Starting k-mer counting.
  0:19:47.289     4M / 616M  INFO    General                 (kmer_index_builder.hpp    : 127)   K-mer counting done. There are 239146284 kmers in total.
  0:19:47.289     4M / 616M  INFO    General                 (kmer_index_builder.hpp    : 133)   Merging temporary buckets.
  0:19:48.724     4M / 616M  INFO   K-mer Index Building     (kmer_index_builder.hpp    : 314)   Building perfect hash indices
  0:20:34.789   108M / 616M  INFO    General                 (kmer_index_builder.hpp    : 150)   Merging final buckets.
  0:20:42.799   108M / 616M  INFO   K-mer Index Building     (kmer_index_builder.hpp    : 336)   Index built. Total 110900544 bytes occupied (3.70988 bits per kmer).
  0:20:42.799   108M / 616M  INFO   K-mer Counting           (kmer_data.cpp             : 356)   Arranging kmers in hash map order
  0:21:20.055     3G / 3G    INFO    General                 (main.cpp                  : 148)   Clustering Hamming graph.
